<?xml version="1.0" encoding="UTF-8"?>
<!-- Generated by org.testng.reporters.JUnitReportReporter -->
<testsuite hostname="Kubo-PC" name="muni.fi.pa165.liquorbottles.persistenceLayerTests.PoliceDAOImplTest" tests="8" failures="0" timestamp="5 Nov 2014 09:50:53 GMT" time="2.001" errors="0">
  <testcase name="testDeletePolice" time="0.243" classname="muni.fi.pa165.liquorbottles.persistenceLayerTests.PoliceDAOImplTest"/>
  <testcase name="testInsertPolice" time="0.220" classname="muni.fi.pa165.liquorbottles.persistenceLayerTests.PoliceDAOImplTest"/>
  <testcase name="findByAdress" time="0.266" classname="muni.fi.pa165.liquorbottles.persistenceLayerTests.PoliceDAOImplTest"/>
  <testcase name="testFindById" time="0.233" classname="muni.fi.pa165.liquorbottles.persistenceLayerTests.PoliceDAOImplTest"/>
  <testcase name="findByfindByName" time="0.275" classname="muni.fi.pa165.liquorbottles.persistenceLayerTests.PoliceDAOImplTest"/>
  <testcase name="findByUsername" time="0.245" classname="muni.fi.pa165.liquorbottles.persistenceLayerTests.PoliceDAOImplTest"/>
  <testcase name="testFindAll" time="0.265" classname="muni.fi.pa165.liquorbottles.persistenceLayerTests.PoliceDAOImplTest"/>
  <testcase name="testUpdatePolice" time="0.254" classname="muni.fi.pa165.liquorbottles.persistenceLayerTests.PoliceDAOImplTest"/>
</testsuite> <!-- muni.fi.pa165.liquorbottles.persistenceLayerTests.PoliceDAOImplTest -->
