<?xml version="1.0" encoding="UTF-8"?>
<!-- Generated by org.testng.reporters.JUnitReportReporter -->
<testsuite hostname="Lenovo-PC" name="muni.fi.pa165.liquorbottles.persistenceLayerTests.StoreDAOImplTest" tests="6" failures="0" timestamp="5 Nov 2014 15:07:06 GMT" time="2.189" errors="0">
  <testcase name="testFindById" time="0.539" classname="muni.fi.pa165.liquorbottles.persistenceLayerTests.StoreDAOImplTest"/>
  <testcase name="testFindAll" time="0.297" classname="muni.fi.pa165.liquorbottles.persistenceLayerTests.StoreDAOImplTest"/>
  <testcase name="testDelte" time="0.364" classname="muni.fi.pa165.liquorbottles.persistenceLayerTests.StoreDAOImplTest"/>
  <testcase name="testFindByAdress" time="0.276" classname="muni.fi.pa165.liquorbottles.persistenceLayerTests.StoreDAOImplTest"/>
  <testcase name="testInsert" time="0.383" classname="muni.fi.pa165.liquorbottles.persistenceLayerTests.StoreDAOImplTest"/>
  <testcase name="testUpdate" time="0.330" classname="muni.fi.pa165.liquorbottles.persistenceLayerTests.StoreDAOImplTest"/>
</testsuite> <!-- muni.fi.pa165.liquorbottles.persistenceLayerTests.StoreDAOImplTest -->
