<?xml version="1.0" encoding="UTF-8"?>
<!-- Generated by org.testng.reporters.JUnitReportReporter -->
<testsuite hostname="Lenovo-PC" name="muni.fi.pa165.liquorbottles.persistenceLayerTests.BottleTypeDAOImplTest" tests="8" failures="0" timestamp="5 Nov 2014 15:07:06 GMT" time="3.155" errors="0">
  <testcase name="testUpdateTypeBottle" time="0.470" classname="muni.fi.pa165.liquorbottles.persistenceLayerTests.BottleTypeDAOImplTest"/>
  <testcase name="testFindAll" time="0.385" classname="muni.fi.pa165.liquorbottles.persistenceLayerTests.BottleTypeDAOImplTest"/>
  <testcase name="testFindById" time="0.356" classname="muni.fi.pa165.liquorbottles.persistenceLayerTests.BottleTypeDAOImplTest"/>
  <testcase name="findByVolume" time="0.417" classname="muni.fi.pa165.liquorbottles.persistenceLayerTests.BottleTypeDAOImplTest"/>
  <testcase name="testDeleteBottleType" time="0.381" classname="muni.fi.pa165.liquorbottles.persistenceLayerTests.BottleTypeDAOImplTest"/>
  <testcase name="findByAlcType" time="0.441" classname="muni.fi.pa165.liquorbottles.persistenceLayerTests.BottleTypeDAOImplTest"/>
  <testcase name="testInsertTypeBottle" time="0.382" classname="muni.fi.pa165.liquorbottles.persistenceLayerTests.BottleTypeDAOImplTest"/>
  <testcase name="findByPower" time="0.323" classname="muni.fi.pa165.liquorbottles.persistenceLayerTests.BottleTypeDAOImplTest"/>
</testsuite> <!-- muni.fi.pa165.liquorbottles.persistenceLayerTests.BottleTypeDAOImplTest -->
