<?xml version="1.0" encoding="UTF-8"?>
<!-- Generated by org.testng.reporters.JUnitReportReporter -->
<testsuite hostname="Lenovo-PC" name="muni.fi.pa165.liquorbottles.persistenceLayerTests.PoliceDAOImplTest" tests="8" failures="0" timestamp="5 Nov 2014 15:07:06 GMT" time="3.859" errors="0">
  <testcase name="testFindAll" time="0.525" classname="muni.fi.pa165.liquorbottles.persistenceLayerTests.PoliceDAOImplTest"/>
  <testcase name="findByUsername" time="0.586" classname="muni.fi.pa165.liquorbottles.persistenceLayerTests.PoliceDAOImplTest"/>
  <testcase name="findByfindByName" time="0.559" classname="muni.fi.pa165.liquorbottles.persistenceLayerTests.PoliceDAOImplTest"/>
  <testcase name="testUpdatePolice" time="0.439" classname="muni.fi.pa165.liquorbottles.persistenceLayerTests.PoliceDAOImplTest"/>
  <testcase name="findByAdress" time="0.401" classname="muni.fi.pa165.liquorbottles.persistenceLayerTests.PoliceDAOImplTest"/>
  <testcase name="testInsertPolice" time="0.581" classname="muni.fi.pa165.liquorbottles.persistenceLayerTests.PoliceDAOImplTest"/>
  <testcase name="testFindById" time="0.327" classname="muni.fi.pa165.liquorbottles.persistenceLayerTests.PoliceDAOImplTest"/>
  <testcase name="testDeletePolice" time="0.441" classname="muni.fi.pa165.liquorbottles.persistenceLayerTests.PoliceDAOImplTest"/>
</testsuite> <!-- muni.fi.pa165.liquorbottles.persistenceLayerTests.PoliceDAOImplTest -->
