<?xml version="1.0" encoding="UTF-8"?>
<!-- Generated by org.testng.reporters.JUnitReportReporter -->
<testsuite hostname="Lenovo-PC" name="muni.fi.pa165.liquorbottles.persistenceLayerTests.UserDAOImplTest" tests="7" failures="0" timestamp="5 Nov 2014 15:07:06 GMT" time="2.305" errors="0">
  <testcase name="testFindPassByUsername" time="0.296" classname="muni.fi.pa165.liquorbottles.persistenceLayerTests.UserDAOImplTest"/>
  <testcase name="testUpdate" time="0.388" classname="muni.fi.pa165.liquorbottles.persistenceLayerTests.UserDAOImplTest"/>
  <testcase name="testFindById" time="0.261" classname="muni.fi.pa165.liquorbottles.persistenceLayerTests.UserDAOImplTest"/>
  <testcase name="testFindByUsername" time="0.364" classname="muni.fi.pa165.liquorbottles.persistenceLayerTests.UserDAOImplTest"/>
  <testcase name="testInsert" time="0.387" classname="muni.fi.pa165.liquorbottles.persistenceLayerTests.UserDAOImplTest"/>
  <testcase name="testFindAll" time="0.260" classname="muni.fi.pa165.liquorbottles.persistenceLayerTests.UserDAOImplTest"/>
  <testcase name="testDelete" time="0.349" classname="muni.fi.pa165.liquorbottles.persistenceLayerTests.UserDAOImplTest"/>
</testsuite> <!-- muni.fi.pa165.liquorbottles.persistenceLayerTests.UserDAOImplTest -->
