<?xml version="1.0" encoding="UTF-8"?>
<!-- Generated by org.testng.reporters.JUnitReportReporter -->
<testsuite hostname="Lenovo-PC" name="muni.fi.pa165.liquorbottles.persistenceLayerTests.ProducerDAOImplTest" tests="8" failures="0" timestamp="5 Nov 2014 15:07:06 GMT" time="2.079" errors="0">
  <testcase name="testFindAll" time="0.255" classname="muni.fi.pa165.liquorbottles.persistenceLayerTests.ProducerDAOImplTest"/>
  <testcase name="testUpdateProducer" time="0.292" classname="muni.fi.pa165.liquorbottles.persistenceLayerTests.ProducerDAOImplTest"/>
  <testcase name="testInsertProducer" time="0.241" classname="muni.fi.pa165.liquorbottles.persistenceLayerTests.ProducerDAOImplTest"/>
  <testcase name="findByfindByName" time="0.255" classname="muni.fi.pa165.liquorbottles.persistenceLayerTests.ProducerDAOImplTest"/>
  <testcase name="findByAdress" time="0.237" classname="muni.fi.pa165.liquorbottles.persistenceLayerTests.ProducerDAOImplTest"/>
  <testcase name="testDeleteProducer" time="0.269" classname="muni.fi.pa165.liquorbottles.persistenceLayerTests.ProducerDAOImplTest"/>
  <testcase name="findByUsername" time="0.285" classname="muni.fi.pa165.liquorbottles.persistenceLayerTests.ProducerDAOImplTest"/>
  <testcase name="testFindById" time="0.245" classname="muni.fi.pa165.liquorbottles.persistenceLayerTests.ProducerDAOImplTest"/>
</testsuite> <!-- muni.fi.pa165.liquorbottles.persistenceLayerTests.ProducerDAOImplTest -->
