<?xml version="1.0" encoding="UTF-8"?>
<!-- Generated by org.testng.reporters.JUnitReportReporter -->
<testsuite hostname="Kubo-PC" name="muni.fi.pa165.liquorbottles.persistenceLayerTests.StoreDAOImplTest" tests="6" failures="0" timestamp="5 Nov 2014 09:50:53 GMT" time="1.664" errors="0">
  <testcase name="testInsert" time="0.349" classname="muni.fi.pa165.liquorbottles.persistenceLayerTests.StoreDAOImplTest"/>
  <testcase name="testFindAll" time="0.210" classname="muni.fi.pa165.liquorbottles.persistenceLayerTests.StoreDAOImplTest"/>
  <testcase name="testDelte" time="0.297" classname="muni.fi.pa165.liquorbottles.persistenceLayerTests.StoreDAOImplTest"/>
  <testcase name="testUpdate" time="0.187" classname="muni.fi.pa165.liquorbottles.persistenceLayerTests.StoreDAOImplTest"/>
  <testcase name="testFindByAdress" time="0.364" classname="muni.fi.pa165.liquorbottles.persistenceLayerTests.StoreDAOImplTest"/>
  <testcase name="testFindById" time="0.257" classname="muni.fi.pa165.liquorbottles.persistenceLayerTests.StoreDAOImplTest"/>
</testsuite> <!-- muni.fi.pa165.liquorbottles.persistenceLayerTests.StoreDAOImplTest -->
