<?xml version="1.0" encoding="UTF-8"?>
<!-- Generated by org.testng.reporters.JUnitReportReporter -->
<testsuite hostname="Kubo-PC" name="muni.fi.pa165.liquorbottles.persistenceLayerTests.BottleDAOImplTest" tests="9" failures="0" timestamp="5 Nov 2014 09:50:53 GMT" time="20.605" errors="0">
  <testcase name="testFindByBatchId" time="1.378" classname="muni.fi.pa165.liquorbottles.persistenceLayerTests.BottleDAOImplTest"/>
  <testcase name="testDeleteBottle" time="8.542" classname="muni.fi.pa165.liquorbottles.persistenceLayerTests.BottleDAOImplTest"/>
  <testcase name="testInsertBottle" time="0.853" classname="muni.fi.pa165.liquorbottles.persistenceLayerTests.BottleDAOImplTest"/>
  <testcase name="testFindByStamp" time="0.858" classname="muni.fi.pa165.liquorbottles.persistenceLayerTests.BottleDAOImplTest"/>
  <testcase name="testFindAll" time="1.619" classname="muni.fi.pa165.liquorbottles.persistenceLayerTests.BottleDAOImplTest"/>
  <testcase name="testFindById" time="0.757" classname="muni.fi.pa165.liquorbottles.persistenceLayerTests.BottleDAOImplTest"/>
  <testcase name="testUpdateBottle" time="0.928" classname="muni.fi.pa165.liquorbottles.persistenceLayerTests.BottleDAOImplTest"/>
  <testcase name="testFindByToxicity" time="0.833" classname="muni.fi.pa165.liquorbottles.persistenceLayerTests.BottleDAOImplTest"/>
  <testcase name="testFindByDate" time="4.837" classname="muni.fi.pa165.liquorbottles.persistenceLayerTests.BottleDAOImplTest"/>
</testsuite> <!-- muni.fi.pa165.liquorbottles.persistenceLayerTests.BottleDAOImplTest -->
