<?xml version="1.0" encoding="UTF-8"?>
<!-- Generated by org.testng.reporters.JUnitReportReporter -->
<testsuite hostname="Kubo-PC" name="muni.fi.pa165.liquorbottles.persistenceLayerTests.BottleTypeDAOImplTest" tests="8" failures="0" timestamp="5 Nov 2014 09:50:53 GMT" time="1.902" errors="0">
  <testcase name="findByPower" time="0.203" classname="muni.fi.pa165.liquorbottles.persistenceLayerTests.BottleTypeDAOImplTest"/>
  <testcase name="testFindAll" time="0.578" classname="muni.fi.pa165.liquorbottles.persistenceLayerTests.BottleTypeDAOImplTest"/>
  <testcase name="findByVolume" time="0.173" classname="muni.fi.pa165.liquorbottles.persistenceLayerTests.BottleTypeDAOImplTest"/>
  <testcase name="testFindById" time="0.156" classname="muni.fi.pa165.liquorbottles.persistenceLayerTests.BottleTypeDAOImplTest"/>
  <testcase name="findByAlcType" time="0.172" classname="muni.fi.pa165.liquorbottles.persistenceLayerTests.BottleTypeDAOImplTest"/>
  <testcase name="testInsertTypeBottle" time="0.227" classname="muni.fi.pa165.liquorbottles.persistenceLayerTests.BottleTypeDAOImplTest"/>
  <testcase name="testUpdateTypeBottle" time="0.204" classname="muni.fi.pa165.liquorbottles.persistenceLayerTests.BottleTypeDAOImplTest"/>
  <testcase name="testDeleteBottleType" time="0.189" classname="muni.fi.pa165.liquorbottles.persistenceLayerTests.BottleTypeDAOImplTest"/>
</testsuite> <!-- muni.fi.pa165.liquorbottles.persistenceLayerTests.BottleTypeDAOImplTest -->
