<?xml version="1.0" encoding="UTF-8"?>
<!-- Generated by org.testng.reporters.JUnitReportReporter -->
<testsuite hostname="Lenovo-PC" name="muni.fi.pa165.liquorbottles.persistenceLayerTests.BottleDAOImplTest" tests="9" failures="0" timestamp="5 Nov 2014 15:07:06 GMT" time="21.562" errors="0">
  <testcase name="testFindByStamp" time="1.096" classname="muni.fi.pa165.liquorbottles.persistenceLayerTests.BottleDAOImplTest"/>
  <testcase name="testFindByDate" time="1.043" classname="muni.fi.pa165.liquorbottles.persistenceLayerTests.BottleDAOImplTest"/>
  <testcase name="testFindById" time="0.944" classname="muni.fi.pa165.liquorbottles.persistenceLayerTests.BottleDAOImplTest"/>
  <testcase name="testInsertBottle" time="0.823" classname="muni.fi.pa165.liquorbottles.persistenceLayerTests.BottleDAOImplTest"/>
  <testcase name="testFindByBatchId" time="0.907" classname="muni.fi.pa165.liquorbottles.persistenceLayerTests.BottleDAOImplTest"/>
  <testcase name="testFindAll" time="1.176" classname="muni.fi.pa165.liquorbottles.persistenceLayerTests.BottleDAOImplTest"/>
  <testcase name="testDeleteBottle" time="12.709" classname="muni.fi.pa165.liquorbottles.persistenceLayerTests.BottleDAOImplTest"/>
  <testcase name="testUpdateBottle" time="1.273" classname="muni.fi.pa165.liquorbottles.persistenceLayerTests.BottleDAOImplTest"/>
  <testcase name="testFindByToxicity" time="1.591" classname="muni.fi.pa165.liquorbottles.persistenceLayerTests.BottleDAOImplTest"/>
</testsuite> <!-- muni.fi.pa165.liquorbottles.persistenceLayerTests.BottleDAOImplTest -->
