<?xml version="1.0" encoding="UTF-8"?>
<!-- Generated by org.testng.reporters.JUnitReportReporter -->
<testsuite hostname="Kubo-PC" name="muni.fi.pa165.liquorbottles.persistenceLayerTests.ProducerDAOImplTest" tests="8" failures="0" timestamp="5 Nov 2014 09:50:53 GMT" time="1.775" errors="0">
  <testcase name="testInsertProducer" time="0.156" classname="muni.fi.pa165.liquorbottles.persistenceLayerTests.ProducerDAOImplTest"/>
  <testcase name="findByUsername" time="0.233" classname="muni.fi.pa165.liquorbottles.persistenceLayerTests.ProducerDAOImplTest"/>
  <testcase name="testDeleteProducer" time="0.234" classname="muni.fi.pa165.liquorbottles.persistenceLayerTests.ProducerDAOImplTest"/>
  <testcase name="testUpdateProducer" time="0.258" classname="muni.fi.pa165.liquorbottles.persistenceLayerTests.ProducerDAOImplTest"/>
  <testcase name="testFindAll" time="0.203" classname="muni.fi.pa165.liquorbottles.persistenceLayerTests.ProducerDAOImplTest"/>
  <testcase name="findByfindByName" time="0.246" classname="muni.fi.pa165.liquorbottles.persistenceLayerTests.ProducerDAOImplTest"/>
  <testcase name="findByAdress" time="0.249" classname="muni.fi.pa165.liquorbottles.persistenceLayerTests.ProducerDAOImplTest"/>
  <testcase name="testFindById" time="0.196" classname="muni.fi.pa165.liquorbottles.persistenceLayerTests.ProducerDAOImplTest"/>
</testsuite> <!-- muni.fi.pa165.liquorbottles.persistenceLayerTests.ProducerDAOImplTest -->
