<?xml version="1.0" encoding="UTF-8"?>
<!-- Generated by org.testng.reporters.JUnitReportReporter -->
<testsuite hostname="Kubo-PC" name="muni.fi.pa165.liquorbottles.persistenceLayerTests.UserDAOImplTest" tests="7" failures="0" timestamp="5 Nov 2014 09:50:53 GMT" time="1.640" errors="0">
  <testcase name="testFindPassByUsername" time="0.248" classname="muni.fi.pa165.liquorbottles.persistenceLayerTests.UserDAOImplTest"/>
  <testcase name="testUpdate" time="0.282" classname="muni.fi.pa165.liquorbottles.persistenceLayerTests.UserDAOImplTest"/>
  <testcase name="testFindByUsername" time="0.249" classname="muni.fi.pa165.liquorbottles.persistenceLayerTests.UserDAOImplTest"/>
  <testcase name="testDelete" time="0.233" classname="muni.fi.pa165.liquorbottles.persistenceLayerTests.UserDAOImplTest"/>
  <testcase name="testFindAll" time="0.156" classname="muni.fi.pa165.liquorbottles.persistenceLayerTests.UserDAOImplTest"/>
  <testcase name="testFindById" time="0.238" classname="muni.fi.pa165.liquorbottles.persistenceLayerTests.UserDAOImplTest"/>
  <testcase name="testInsert" time="0.234" classname="muni.fi.pa165.liquorbottles.persistenceLayerTests.UserDAOImplTest"/>
</testsuite> <!-- muni.fi.pa165.liquorbottles.persistenceLayerTests.UserDAOImplTest -->
